2025-10-22 07:00:43,639 - root - INFO - 🚀 RxVerify starting up - Real-time medical database integration enabled
2025-10-22 07:00:46,876 - root - INFO - 🛑 RxVerify shutting down - cleaning up medical API client
2025-10-22 07:00:48,410 - root - INFO - 🚀 RxVerify starting up - Real-time medical database integration enabled
2025-10-22 07:00:53,967 - root - INFO - 🛑 RxVerify shutting down - cleaning up medical API client
2025-10-22 07:00:55,549 - root - INFO - 🚀 RxVerify starting up - Real-time medical database integration enabled
2025-10-22 07:01:00,399 - root - INFO - 🛑 RxVerify shutting down - cleaning up medical API client
2025-10-22 07:01:01,941 - root - INFO - 🚀 RxVerify starting up - Real-time medical database integration enabled
2025-10-22 07:01:04,974 - root - INFO - 🛑 RxVerify shutting down - cleaning up medical API client
2025-10-22 07:01:06,642 - root - INFO - 🚀 RxVerify starting up - Real-time medical database integration enabled
2025-10-22 07:01:12,605 - root - INFO - 🛑 RxVerify shutting down - cleaning up medical API client
2025-10-22 07:01:14,122 - root - INFO - 🚀 RxVerify starting up - Real-time medical database integration enabled
2025-10-22 07:01:18,486 - root - INFO - Processing enhanced medication search: glipizide...
2025-10-22 07:01:18,486 - app.post_discharge_search - INFO - Searching discharge medications for: 'glipizide'
2025-10-22 07:01:18,486 - app.medical_apis - INFO - Searching all medical databases for: 'glipizide' with custom limits (DailyMed: 2, OpenFDA: 2, RxNorm: 3, DrugBank: 2)
2025-10-22 07:01:18,487 - app.medical_apis - INFO - DrugBank search returned 1 results for 'glipizide'
2025-10-22 07:01:19,062 - httpx - INFO - HTTP Request: GET https://rxnav.nlm.nih.gov/REST/drugs.json?name=glipizide&allsrc=1&src=1 "HTTP/1.1 200 OK"
2025-10-22 07:01:19,064 - app.medical_apis - INFO - RxNorm search returned 6 results for 'glipizide'
2025-10-22 07:01:19,064 - httpx - INFO - HTTP Request: GET https://rxnav.nlm.nih.gov/REST/drugs.json?name=glipizide&allsrc=1&src=1 "HTTP/1.1 200 OK"
2025-10-22 07:01:19,073 - httpx - INFO - HTTP Request: GET https://api.fda.gov/drug/label.json?search=generic_name%3Aglipizide&limit=1 "HTTP/1.1 404 Not Found"
2025-10-22 07:01:19,287 - httpx - INFO - HTTP Request: GET https://api.fda.gov/drug/event.json?search=patient.drug.medicinalproduct%3Aglipizide&limit=4 "HTTP/1.1 200 OK"
2025-10-22 07:01:19,329 - app.medical_apis - INFO - OpenFDA search returned 1 results for 'glipizide'
2025-10-22 07:01:19,480 - httpx - INFO - HTTP Request: GET https://dailymed.nlm.nih.gov/dailymed/services/v2/spls?rxcui=205828&pagesize=2 "HTTP/1.1 200 OK"
2025-10-22 07:01:19,712 - httpx - INFO - HTTP Request: GET https://dailymed.nlm.nih.gov/dailymed/services/v2/spls?rxcui=865568&pagesize=2 "HTTP/1.1 200 OK"
2025-10-22 07:01:19,882 - httpx - INFO - HTTP Request: GET https://dailymed.nlm.nih.gov/dailymed/services/v2/spls/eed99b60-d043-4249-9b2a-f05e46fb588d.xml "HTTP/1.1 200 OK"
2025-10-22 07:01:20,230 - httpx - INFO - HTTP Request: GET https://dailymed.nlm.nih.gov/dailymed/services/v2/spls/8438b406-9259-46d1-b26a-90fdcb5cbc50.xml "HTTP/1.1 200 OK"
2025-10-22 07:01:20,469 - httpx - INFO - HTTP Request: GET https://dailymed.nlm.nih.gov/dailymed/services/v2/spls?rxcui=865571&pagesize=2 "HTTP/1.1 200 OK"
2025-10-22 07:01:20,545 - httpx - INFO - HTTP Request: GET https://dailymed.nlm.nih.gov/dailymed/services/v2/spls/eed99b60-d043-4249-9b2a-f05e46fb588d.xml "HTTP/1.1 200 OK"
2025-10-22 07:01:20,724 - httpx - INFO - HTTP Request: GET https://dailymed.nlm.nih.gov/dailymed/services/v2/spls/8438b406-9259-46d1-b26a-90fdcb5cbc50.xml "HTTP/1.1 200 OK"
2025-10-22 07:01:20,751 - app.medical_apis - INFO - DailyMed search returned 4 results for 'glipizide'
2025-10-22 07:01:20,778 - app.medical_apis - INFO - Total documents retrieved from all sources: 12
2025-10-22 07:01:20,796 - app.post_discharge_search - INFO - Discharge medication search completed in 2310.12ms, found 4 results
2025-10-22 07:01:30,504 - root - INFO - 🛑 RxVerify shutting down - cleaning up medical API client
2025-10-22 07:01:31,981 - root - INFO - 🚀 RxVerify starting up - Real-time medical database integration enabled
2025-10-22 07:01:36,726 - root - INFO - 🛑 RxVerify shutting down - cleaning up medical API client
2025-10-22 07:01:38,334 - root - INFO - 🚀 RxVerify starting up - Real-time medical database integration enabled
2025-10-22 07:01:38,725 - root - INFO - Processing enhanced medication search: glipizide...
2025-10-22 07:01:38,725 - app.post_discharge_search - INFO - Searching discharge medications for: 'glipizide'
2025-10-22 07:01:38,725 - app.medical_apis - INFO - Searching all medical databases for: 'glipizide' with custom limits (DailyMed: 2, OpenFDA: 2, RxNorm: 3, DrugBank: 2)
2025-10-22 07:01:38,726 - app.medical_apis - INFO - DrugBank search returned 1 results for 'glipizide'
2025-10-22 07:01:39,138 - httpx - INFO - HTTP Request: GET https://rxnav.nlm.nih.gov/REST/drugs.json?name=glipizide&allsrc=1&src=1 "HTTP/1.1 200 OK"
2025-10-22 07:01:39,140 - app.medical_apis - INFO - RxNorm search returned 6 results for 'glipizide'
2025-10-22 07:01:39,141 - httpx - INFO - HTTP Request: GET https://rxnav.nlm.nih.gov/REST/drugs.json?name=glipizide&allsrc=1&src=1 "HTTP/1.1 200 OK"
2025-10-22 07:01:39,170 - httpx - INFO - HTTP Request: GET https://api.fda.gov/drug/label.json?search=generic_name%3Aglipizide&limit=1 "HTTP/1.1 404 Not Found"
2025-10-22 07:01:39,383 - httpx - INFO - HTTP Request: GET https://api.fda.gov/drug/event.json?search=patient.drug.medicinalproduct%3Aglipizide&limit=4 "HTTP/1.1 200 OK"
2025-10-22 07:01:39,427 - app.medical_apis - INFO - OpenFDA search returned 1 results for 'glipizide'
2025-10-22 07:01:39,623 - httpx - INFO - HTTP Request: GET https://dailymed.nlm.nih.gov/dailymed/services/v2/spls?rxcui=205828&pagesize=2 "HTTP/1.1 200 OK"
2025-10-22 07:01:39,852 - httpx - INFO - HTTP Request: GET https://dailymed.nlm.nih.gov/dailymed/services/v2/spls?rxcui=865568&pagesize=2 "HTTP/1.1 200 OK"
2025-10-22 07:01:39,957 - httpx - INFO - HTTP Request: GET https://dailymed.nlm.nih.gov/dailymed/services/v2/spls/eed99b60-d043-4249-9b2a-f05e46fb588d.xml "HTTP/1.1 200 OK"
2025-10-22 07:01:40,263 - httpx - INFO - HTTP Request: GET https://dailymed.nlm.nih.gov/dailymed/services/v2/spls/8438b406-9259-46d1-b26a-90fdcb5cbc50.xml "HTTP/1.1 200 OK"
2025-10-22 07:01:40,502 - httpx - INFO - HTTP Request: GET https://dailymed.nlm.nih.gov/dailymed/services/v2/spls?rxcui=865571&pagesize=2 "HTTP/1.1 200 OK"
2025-10-22 07:01:40,575 - httpx - INFO - HTTP Request: GET https://dailymed.nlm.nih.gov/dailymed/services/v2/spls/eed99b60-d043-4249-9b2a-f05e46fb588d.xml "HTTP/1.1 200 OK"
2025-10-22 07:01:40,747 - httpx - INFO - HTTP Request: GET https://dailymed.nlm.nih.gov/dailymed/services/v2/spls/8438b406-9259-46d1-b26a-90fdcb5cbc50.xml "HTTP/1.1 200 OK"
2025-10-22 07:01:40,775 - app.medical_apis - INFO - DailyMed search returned 4 results for 'glipizide'
2025-10-22 07:01:40,803 - app.medical_apis - INFO - Total documents retrieved from all sources: 12
2025-10-22 07:01:40,930 - app.post_discharge_search - INFO - Discharge medication search completed in 2204.70ms, found 2 results
2025-10-22 07:01:44,465 - root - INFO - Processing enhanced medication search: metformin...
2025-10-22 07:01:44,465 - app.post_discharge_search - INFO - Searching discharge medications for: 'metformin'
2025-10-22 07:01:44,465 - app.medical_apis - INFO - Searching all medical databases for: 'metformin' with custom limits (DailyMed: 2, OpenFDA: 2, RxNorm: 3, DrugBank: 2)
2025-10-22 07:01:44,467 - app.medical_apis - INFO - DrugBank search returned 1 results for 'metformin'
2025-10-22 07:01:44,942 - httpx - INFO - HTTP Request: GET https://api.fda.gov/drug/label.json?search=generic_name%3Ametformin&limit=1 "HTTP/1.1 404 Not Found"
2025-10-22 07:01:44,943 - httpx - INFO - HTTP Request: GET https://rxnav.nlm.nih.gov/REST/drugs.json?name=metformin&allsrc=1&src=1 "HTTP/1.1 200 OK"
2025-10-22 07:01:44,971 - httpx - INFO - HTTP Request: GET https://rxnav.nlm.nih.gov/REST/drugs.json?name=metformin&allsrc=1&src=1 "HTTP/1.1 200 OK"
2025-10-22 07:01:44,973 - app.medical_apis - INFO - RxNorm search returned 6 results for 'metformin'
2025-10-22 07:01:45,130 - httpx - INFO - HTTP Request: GET https://api.fda.gov/drug/event.json?search=patient.drug.medicinalproduct%3Ametformin&limit=4 "HTTP/1.1 200 OK"
2025-10-22 07:01:45,169 - httpx - INFO - HTTP Request: GET https://dailymed.nlm.nih.gov/dailymed/services/v2/spls?rxcui=1043567&pagesize=2 "HTTP/1.1 200 OK"
2025-10-22 07:01:45,172 - app.medical_apis - INFO - OpenFDA search returned 1 results for 'metformin'
2025-10-22 07:01:45,246 - httpx - INFO - HTTP Request: GET https://dailymed.nlm.nih.gov/dailymed/services/v2/spls/fbd25da4-ebe6-45c9-beb8-93523d11a0b4.xml "HTTP/1.1 200 OK"
2025-10-22 07:01:45,608 - httpx - INFO - HTTP Request: GET https://dailymed.nlm.nih.gov/dailymed/services/v2/spls?rxcui=1043574&pagesize=2 "HTTP/1.1 200 OK"
2025-10-22 07:01:45,689 - httpx - INFO - HTTP Request: GET https://dailymed.nlm.nih.gov/dailymed/services/v2/spls/fbd25da4-ebe6-45c9-beb8-93523d11a0b4.xml "HTTP/1.1 200 OK"
2025-10-22 07:01:45,982 - httpx - INFO - HTTP Request: GET https://dailymed.nlm.nih.gov/dailymed/services/v2/spls?rxcui=1043582&pagesize=2 "HTTP/1.1 200 OK"
2025-10-22 07:01:46,060 - httpx - INFO - HTTP Request: GET https://dailymed.nlm.nih.gov/dailymed/services/v2/spls/fbd25da4-ebe6-45c9-beb8-93523d11a0b4.xml "HTTP/1.1 200 OK"
2025-10-22 07:01:46,159 - app.medical_apis - INFO - DailyMed search returned 3 results for 'metformin'
2025-10-22 07:01:46,170 - app.medical_apis - INFO - Total documents retrieved from all sources: 11
2025-10-22 07:01:46,180 - app.post_discharge_search - INFO - Discharge medication search completed in 1715.47ms, found 2 results
2025-10-22 07:01:52,932 - root - INFO - 🛑 RxVerify shutting down - cleaning up medical API client
2025-10-22 07:01:54,823 - root - INFO - 🚀 RxVerify starting up - Real-time medical database integration enabled
2025-10-22 07:02:17,650 - root - INFO - 🛑 RxVerify shutting down - cleaning up medical API client
2025-10-22 07:02:19,976 - root - INFO - 🚀 RxVerify starting up - Real-time medical database integration enabled
2025-10-22 07:04:04,326 - root - INFO - 🛑 RxVerify shutting down - cleaning up medical API client
2025-10-22 07:04:06,110 - root - INFO - 🚀 RxVerify starting up - Real-time medical database integration enabled
2025-10-22 07:04:13,494 - root - INFO - 🛑 RxVerify shutting down - cleaning up medical API client
2025-10-22 07:04:14,984 - root - INFO - 🚀 RxVerify starting up - Real-time medical database integration enabled
2025-10-22 07:04:21,777 - root - INFO - 🛑 RxVerify shutting down - cleaning up medical API client
2025-10-22 07:04:23,284 - root - INFO - 🚀 RxVerify starting up - Real-time medical database integration enabled
2025-10-22 07:04:27,645 - root - INFO - 🛑 RxVerify shutting down - cleaning up medical API client
2025-10-22 07:04:29,261 - root - INFO - 🚀 RxVerify starting up - Real-time medical database integration enabled
2025-10-22 07:04:34,356 - root - INFO - Processing enhanced medication search: glipizide...
2025-10-22 07:04:34,357 - app.post_discharge_search - INFO - Searching discharge medications for: 'glipizide'
2025-10-22 07:04:34,357 - app.medical_apis - INFO - Searching all medical databases for: 'glipizide' with custom limits (DailyMed: 2, OpenFDA: 2, RxNorm: 3, DrugBank: 2)
2025-10-22 07:04:34,358 - app.medical_apis - INFO - DrugBank search returned 1 results for 'glipizide'
2025-10-22 07:04:35,065 - httpx - INFO - HTTP Request: GET https://api.fda.gov/drug/label.json?search=generic_name%3Aglipizide&limit=1 "HTTP/1.1 404 Not Found"
2025-10-22 07:04:35,087 - httpx - INFO - HTTP Request: GET https://rxnav.nlm.nih.gov/REST/drugs.json?name=glipizide&allsrc=1&src=1 "HTTP/1.1 200 OK"
2025-10-22 07:04:35,089 - app.medical_apis - INFO - RxNorm search returned 6 results for 'glipizide'
2025-10-22 07:04:35,101 - httpx - INFO - HTTP Request: GET https://rxnav.nlm.nih.gov/REST/drugs.json?name=glipizide&allsrc=1&src=1 "HTTP/1.1 200 OK"
2025-10-22 07:04:35,260 - httpx - INFO - HTTP Request: GET https://api.fda.gov/drug/event.json?search=patient.drug.medicinalproduct%3Aglipizide&limit=4 "HTTP/1.1 200 OK"
2025-10-22 07:04:35,303 - app.medical_apis - INFO - OpenFDA search returned 1 results for 'glipizide'
2025-10-22 07:04:35,677 - httpx - INFO - HTTP Request: GET https://dailymed.nlm.nih.gov/dailymed/services/v2/spls?rxcui=205828&pagesize=2 "HTTP/1.1 200 OK"
2025-10-22 07:04:35,965 - httpx - INFO - HTTP Request: GET https://dailymed.nlm.nih.gov/dailymed/services/v2/spls?rxcui=865568&pagesize=2 "HTTP/1.1 200 OK"
2025-10-22 07:04:36,063 - httpx - INFO - HTTP Request: GET https://dailymed.nlm.nih.gov/dailymed/services/v2/spls/eed99b60-d043-4249-9b2a-f05e46fb588d.xml "HTTP/1.1 200 OK"
2025-10-22 07:04:36,358 - httpx - INFO - HTTP Request: GET https://dailymed.nlm.nih.gov/dailymed/services/v2/spls/8438b406-9259-46d1-b26a-90fdcb5cbc50.xml "HTTP/1.1 200 OK"
2025-10-22 07:04:36,601 - httpx - INFO - HTTP Request: GET https://dailymed.nlm.nih.gov/dailymed/services/v2/spls?rxcui=865571&pagesize=2 "HTTP/1.1 200 OK"
2025-10-22 07:04:36,675 - httpx - INFO - HTTP Request: GET https://dailymed.nlm.nih.gov/dailymed/services/v2/spls/eed99b60-d043-4249-9b2a-f05e46fb588d.xml "HTTP/1.1 200 OK"
2025-10-22 07:04:36,847 - httpx - INFO - HTTP Request: GET https://dailymed.nlm.nih.gov/dailymed/services/v2/spls/8438b406-9259-46d1-b26a-90fdcb5cbc50.xml "HTTP/1.1 200 OK"
2025-10-22 07:04:36,877 - app.medical_apis - INFO - DailyMed search returned 4 results for 'glipizide'
2025-10-22 07:04:36,904 - app.medical_apis - INFO - Total documents retrieved from all sources: 12
2025-10-22 07:04:37,043 - app.post_discharge_search - INFO - Discharge medication search completed in 2686.63ms, found 2 results
2025-10-22 07:04:57,447 - root - INFO - 🛑 RxVerify shutting down - cleaning up medical API client
2025-10-22 07:05:02,719 - root - INFO - 🚀 RxVerify starting up - Real-time medical database integration enabled
2025-10-22 07:05:10,304 - root - INFO - Processing enhanced medication search: glipizide...
2025-10-22 07:05:10,304 - app.post_discharge_search - INFO - Searching discharge medications for: 'glipizide'
2025-10-22 07:05:10,304 - app.medical_apis - INFO - Searching all medical databases for: 'glipizide' with custom limits (DailyMed: 2, OpenFDA: 2, RxNorm: 3, DrugBank: 2)
2025-10-22 07:05:10,305 - app.medical_apis - INFO - DrugBank search returned 1 results for 'glipizide'
2025-10-22 07:05:10,723 - httpx - INFO - HTTP Request: GET https://api.fda.gov/drug/label.json?search=generic_name%3Aglipizide&limit=1 "HTTP/1.1 404 Not Found"
2025-10-22 07:05:10,780 - httpx - INFO - HTTP Request: GET https://rxnav.nlm.nih.gov/REST/drugs.json?name=glipizide&allsrc=1&src=1 "HTTP/1.1 200 OK"
2025-10-22 07:05:10,782 - httpx - INFO - HTTP Request: GET https://rxnav.nlm.nih.gov/REST/drugs.json?name=glipizide&allsrc=1&src=1 "HTTP/1.1 200 OK"
2025-10-22 07:05:10,782 - app.medical_apis - INFO - RxNorm search returned 6 results for 'glipizide'
2025-10-22 07:05:10,880 - httpx - INFO - HTTP Request: GET https://api.fda.gov/drug/event.json?search=patient.drug.medicinalproduct%3Aglipizide&limit=4 "HTTP/1.1 200 OK"
2025-10-22 07:05:10,983 - app.medical_apis - INFO - OpenFDA search returned 1 results for 'glipizide'
2025-10-22 07:05:11,242 - httpx - INFO - HTTP Request: GET https://dailymed.nlm.nih.gov/dailymed/services/v2/spls?rxcui=205828&pagesize=2 "HTTP/1.1 200 OK"
2025-10-22 07:05:11,518 - httpx - INFO - HTTP Request: GET https://dailymed.nlm.nih.gov/dailymed/services/v2/spls?rxcui=865568&pagesize=2 "HTTP/1.1 200 OK"
2025-10-22 07:05:11,660 - httpx - INFO - HTTP Request: GET https://dailymed.nlm.nih.gov/dailymed/services/v2/spls/eed99b60-d043-4249-9b2a-f05e46fb588d.xml "HTTP/1.1 200 OK"
2025-10-22 07:05:11,912 - httpx - INFO - HTTP Request: GET https://dailymed.nlm.nih.gov/dailymed/services/v2/spls/8438b406-9259-46d1-b26a-90fdcb5cbc50.xml "HTTP/1.1 200 OK"
2025-10-22 07:05:12,151 - httpx - INFO - HTTP Request: GET https://dailymed.nlm.nih.gov/dailymed/services/v2/spls?rxcui=865571&pagesize=2 "HTTP/1.1 200 OK"
2025-10-22 07:05:12,225 - httpx - INFO - HTTP Request: GET https://dailymed.nlm.nih.gov/dailymed/services/v2/spls/eed99b60-d043-4249-9b2a-f05e46fb588d.xml "HTTP/1.1 200 OK"
2025-10-22 07:05:12,331 - httpx - INFO - HTTP Request: GET https://dailymed.nlm.nih.gov/dailymed/services/v2/spls/8438b406-9259-46d1-b26a-90fdcb5cbc50.xml "HTTP/1.1 200 OK"
2025-10-22 07:05:12,363 - app.medical_apis - INFO - DailyMed search returned 4 results for 'glipizide'
2025-10-22 07:05:12,389 - app.medical_apis - INFO - Total documents retrieved from all sources: 12
2025-10-22 07:05:12,508 - app.post_discharge_search - INFO - Discharge medication search completed in 2204.29ms, found 2 results
2025-10-22 07:05:17,594 - root - INFO - Processing enhanced medication search: glipizide...
2025-10-22 07:05:17,594 - app.post_discharge_search - INFO - Searching discharge medications for: 'glipizide'
2025-10-22 07:05:17,594 - app.medical_apis - INFO - Searching all medical databases for: 'glipizide' with custom limits (DailyMed: 2, OpenFDA: 2, RxNorm: 3, DrugBank: 2)
2025-10-22 07:05:17,596 - app.medical_apis - INFO - DrugBank search returned 1 results for 'glipizide'
2025-10-22 07:05:18,025 - httpx - INFO - HTTP Request: GET https://api.fda.gov/drug/label.json?search=generic_name%3Aglipizide&limit=1 "HTTP/1.1 404 Not Found"
2025-10-22 07:05:18,050 - httpx - INFO - HTTP Request: GET https://rxnav.nlm.nih.gov/REST/drugs.json?name=glipizide&allsrc=1&src=1 "HTTP/1.1 200 OK"
2025-10-22 07:05:18,050 - httpx - INFO - HTTP Request: GET https://rxnav.nlm.nih.gov/REST/drugs.json?name=glipizide&allsrc=1&src=1 "HTTP/1.1 200 OK"
2025-10-22 07:05:18,051 - app.medical_apis - INFO - RxNorm search returned 6 results for 'glipizide'
2025-10-22 07:05:18,194 - httpx - INFO - HTTP Request: GET https://api.fda.gov/drug/event.json?search=patient.drug.medicinalproduct%3Aglipizide&limit=4 "HTTP/1.1 200 OK"
2025-10-22 07:05:18,276 - app.medical_apis - INFO - OpenFDA search returned 1 results for 'glipizide'
2025-10-22 07:05:18,481 - httpx - INFO - HTTP Request: GET https://dailymed.nlm.nih.gov/dailymed/services/v2/spls?rxcui=205828&pagesize=2 "HTTP/1.1 200 OK"
2025-10-22 07:05:18,693 - httpx - INFO - HTTP Request: GET https://dailymed.nlm.nih.gov/dailymed/services/v2/spls?rxcui=865568&pagesize=2 "HTTP/1.1 200 OK"
2025-10-22 07:05:18,791 - httpx - INFO - HTTP Request: GET https://dailymed.nlm.nih.gov/dailymed/services/v2/spls/eed99b60-d043-4249-9b2a-f05e46fb588d.xml "HTTP/1.1 200 OK"
2025-10-22 07:05:19,096 - httpx - INFO - HTTP Request: GET https://dailymed.nlm.nih.gov/dailymed/services/v2/spls/8438b406-9259-46d1-b26a-90fdcb5cbc50.xml "HTTP/1.1 200 OK"
2025-10-22 07:05:19,334 - httpx - INFO - HTTP Request: GET https://dailymed.nlm.nih.gov/dailymed/services/v2/spls?rxcui=865571&pagesize=2 "HTTP/1.1 200 OK"
2025-10-22 07:05:19,407 - httpx - INFO - HTTP Request: GET https://dailymed.nlm.nih.gov/dailymed/services/v2/spls/eed99b60-d043-4249-9b2a-f05e46fb588d.xml "HTTP/1.1 200 OK"
2025-10-22 07:05:19,574 - httpx - INFO - HTTP Request: GET https://dailymed.nlm.nih.gov/dailymed/services/v2/spls/8438b406-9259-46d1-b26a-90fdcb5cbc50.xml "HTTP/1.1 200 OK"
2025-10-22 07:05:19,605 - app.medical_apis - INFO - DailyMed search returned 4 results for 'glipizide'
2025-10-22 07:05:19,675 - app.medical_apis - INFO - Total documents retrieved from all sources: 12
2025-10-22 07:05:19,699 - app.post_discharge_search - INFO - Discharge medication search completed in 2104.77ms, found 2 results
2025-10-22 07:05:34,150 - root - INFO - 🛑 RxVerify shutting down - cleaning up medical API client
2025-10-22 07:05:36,020 - root - INFO - 🚀 RxVerify starting up - Real-time medical database integration enabled
2025-10-22 07:06:01,193 - root - INFO - Processing enhanced medication search: glipizide...
2025-10-22 07:06:01,193 - app.post_discharge_search - INFO - Searching discharge medications for: 'glipizide'
2025-10-22 07:06:01,194 - app.medical_apis - INFO - Searching all medical databases for: 'glipizide' with custom limits (DailyMed: 2, OpenFDA: 2, RxNorm: 3, DrugBank: 2)
2025-10-22 07:06:01,195 - app.medical_apis - INFO - DrugBank search returned 1 results for 'glipizide'
2025-10-22 07:06:01,706 - httpx - INFO - HTTP Request: GET https://rxnav.nlm.nih.gov/REST/drugs.json?name=glipizide&allsrc=1&src=1 "HTTP/1.1 200 OK"
2025-10-22 07:06:01,806 - httpx - INFO - HTTP Request: GET https://rxnav.nlm.nih.gov/REST/drugs.json?name=glipizide&allsrc=1&src=1 "HTTP/1.1 200 OK"
2025-10-22 07:06:01,806 - app.medical_apis - INFO - RxNorm search returned 6 results for 'glipizide'
2025-10-22 07:06:01,864 - httpx - INFO - HTTP Request: GET https://api.fda.gov/drug/label.json?search=generic_name%3Aglipizide&limit=1 "HTTP/1.1 404 Not Found"
2025-10-22 07:06:02,076 - httpx - INFO - HTTP Request: GET https://api.fda.gov/drug/event.json?search=patient.drug.medicinalproduct%3Aglipizide&limit=4 "HTTP/1.1 200 OK"
2025-10-22 07:06:02,121 - app.medical_apis - INFO - OpenFDA search returned 1 results for 'glipizide'
2025-10-22 07:06:02,246 - httpx - INFO - HTTP Request: GET https://dailymed.nlm.nih.gov/dailymed/services/v2/spls?rxcui=205828&pagesize=2 "HTTP/1.1 200 OK"
2025-10-22 07:06:02,499 - httpx - INFO - HTTP Request: GET https://dailymed.nlm.nih.gov/dailymed/services/v2/spls?rxcui=865568&pagesize=2 "HTTP/1.1 200 OK"
2025-10-22 07:06:02,620 - httpx - INFO - HTTP Request: GET https://dailymed.nlm.nih.gov/dailymed/services/v2/spls/eed99b60-d043-4249-9b2a-f05e46fb588d.xml "HTTP/1.1 200 OK"
2025-10-22 07:06:02,953 - httpx - INFO - HTTP Request: GET https://dailymed.nlm.nih.gov/dailymed/services/v2/spls/8438b406-9259-46d1-b26a-90fdcb5cbc50.xml "HTTP/1.1 200 OK"
2025-10-22 07:06:03,258 - httpx - INFO - HTTP Request: GET https://dailymed.nlm.nih.gov/dailymed/services/v2/spls?rxcui=865571&pagesize=2 "HTTP/1.1 200 OK"
2025-10-22 07:06:03,335 - httpx - INFO - HTTP Request: GET https://dailymed.nlm.nih.gov/dailymed/services/v2/spls/eed99b60-d043-4249-9b2a-f05e46fb588d.xml "HTTP/1.1 200 OK"
2025-10-22 07:06:03,444 - httpx - INFO - HTTP Request: GET https://dailymed.nlm.nih.gov/dailymed/services/v2/spls/8438b406-9259-46d1-b26a-90fdcb5cbc50.xml "HTTP/1.1 200 OK"
2025-10-22 07:06:03,473 - app.medical_apis - INFO - DailyMed search returned 4 results for 'glipizide'
2025-10-22 07:06:03,500 - app.medical_apis - INFO - Total documents retrieved from all sources: 12
2025-10-22 07:06:03,616 - app.post_discharge_search - INFO - Discharge medication search completed in 2422.23ms, found 2 results
2025-10-22 07:06:30,791 - root - INFO - Processing enhanced medication search: metformin...
2025-10-22 07:06:30,792 - app.post_discharge_search - INFO - Searching discharge medications for: 'metformin'
2025-10-22 07:06:30,792 - app.medical_apis - INFO - Searching all medical databases for: 'metformin' with custom limits (DailyMed: 2, OpenFDA: 2, RxNorm: 3, DrugBank: 2)
2025-10-22 07:06:30,794 - app.medical_apis - INFO - DrugBank search returned 1 results for 'metformin'
2025-10-22 07:06:31,189 - httpx - INFO - HTTP Request: GET https://api.fda.gov/drug/label.json?search=generic_name%3Ametformin&limit=1 "HTTP/1.1 404 Not Found"
2025-10-22 07:06:31,357 - httpx - INFO - HTTP Request: GET https://api.fda.gov/drug/event.json?search=patient.drug.medicinalproduct%3Ametformin&limit=4 "HTTP/1.1 200 OK"
2025-10-22 07:06:31,399 - app.medical_apis - INFO - OpenFDA search returned 1 results for 'metformin'
2025-10-22 07:06:31,406 - httpx - INFO - HTTP Request: GET https://rxnav.nlm.nih.gov/REST/drugs.json?name=metformin&allsrc=1&src=1 "HTTP/1.1 200 OK"
2025-10-22 07:06:31,907 - httpx - INFO - HTTP Request: GET https://rxnav.nlm.nih.gov/REST/drugs.json?name=metformin&allsrc=1&src=1 "HTTP/1.1 200 OK"
2025-10-22 07:06:31,908 - app.medical_apis - INFO - RxNorm search returned 6 results for 'metformin'
2025-10-22 07:06:31,986 - httpx - INFO - HTTP Request: GET https://dailymed.nlm.nih.gov/dailymed/services/v2/spls?rxcui=1043567&pagesize=2 "HTTP/1.1 200 OK"
2025-10-22 07:06:32,078 - httpx - INFO - HTTP Request: GET https://dailymed.nlm.nih.gov/dailymed/services/v2/spls/fbd25da4-ebe6-45c9-beb8-93523d11a0b4.xml "HTTP/1.1 200 OK"
2025-10-22 07:06:32,698 - httpx - INFO - HTTP Request: GET https://dailymed.nlm.nih.gov/dailymed/services/v2/spls?rxcui=1043574&pagesize=2 "HTTP/1.1 200 OK"
2025-10-22 07:06:32,776 - httpx - INFO - HTTP Request: GET https://dailymed.nlm.nih.gov/dailymed/services/v2/spls/fbd25da4-ebe6-45c9-beb8-93523d11a0b4.xml "HTTP/1.1 200 OK"
2025-10-22 07:06:33,076 - httpx - INFO - HTTP Request: GET https://dailymed.nlm.nih.gov/dailymed/services/v2/spls?rxcui=1043582&pagesize=2 "HTTP/1.1 200 OK"
2025-10-22 07:06:33,152 - httpx - INFO - HTTP Request: GET https://dailymed.nlm.nih.gov/dailymed/services/v2/spls/fbd25da4-ebe6-45c9-beb8-93523d11a0b4.xml "HTTP/1.1 200 OK"
2025-10-22 07:06:33,253 - app.medical_apis - INFO - DailyMed search returned 3 results for 'metformin'
2025-10-22 07:06:33,265 - app.medical_apis - INFO - Total documents retrieved from all sources: 11
2025-10-22 07:06:33,283 - app.post_discharge_search - INFO - Discharge medication search completed in 2490.90ms, found 2 results
2025-10-22 07:06:41,398 - root - INFO - Processing enhanced medication search: atorvastatin...
2025-10-22 07:06:41,399 - app.post_discharge_search - INFO - Searching discharge medications for: 'atorvastatin'
2025-10-22 07:06:41,399 - app.medical_apis - INFO - Searching all medical databases for: 'atorvastatin' with custom limits (DailyMed: 2, OpenFDA: 2, RxNorm: 3, DrugBank: 2)
2025-10-22 07:06:41,401 - app.medical_apis - INFO - DrugBank search returned 1 results for 'atorvastatin'
2025-10-22 07:06:41,761 - httpx - INFO - HTTP Request: GET https://api.fda.gov/drug/label.json?search=generic_name%3Aatorvastatin&limit=1 "HTTP/1.1 404 Not Found"
2025-10-22 07:06:41,821 - httpx - INFO - HTTP Request: GET https://rxnav.nlm.nih.gov/REST/drugs.json?name=atorvastatin&allsrc=1&src=1 "HTTP/1.1 200 OK"
2025-10-22 07:06:41,822 - httpx - INFO - HTTP Request: GET https://rxnav.nlm.nih.gov/REST/drugs.json?name=atorvastatin&allsrc=1&src=1 "HTTP/1.1 200 OK"
2025-10-22 07:06:41,822 - app.medical_apis - INFO - RxNorm search returned 6 results for 'atorvastatin'
2025-10-22 07:06:42,065 - httpx - INFO - HTTP Request: GET https://api.fda.gov/drug/event.json?search=patient.drug.medicinalproduct%3Aatorvastatin&limit=4 "HTTP/1.1 200 OK"
2025-10-22 07:06:42,154 - app.medical_apis - INFO - OpenFDA search returned 0 results for 'atorvastatin'
2025-10-22 07:06:42,367 - httpx - INFO - HTTP Request: GET https://dailymed.nlm.nih.gov/dailymed/services/v2/spls?rxcui=262095&pagesize=2 "HTTP/1.1 200 OK"
2025-10-22 07:06:42,491 - httpx - INFO - HTTP Request: GET https://dailymed.nlm.nih.gov/dailymed/services/v2/spls/a60cc18b-0631-4cf0-b021-9f52224ece65.xml "HTTP/1.1 200 OK"
2025-10-22 07:06:42,949 - httpx - INFO - HTTP Request: GET https://dailymed.nlm.nih.gov/dailymed/services/v2/spls/c6e131fe-e7df-4876-83f7-9156fc4e8228.xml "HTTP/1.1 200 OK"
2025-10-22 07:06:43,206 - httpx - INFO - HTTP Request: GET https://dailymed.nlm.nih.gov/dailymed/services/v2/spls?rxcui=2631867&pagesize=2 "HTTP/1.1 200 OK"
2025-10-22 07:06:43,431 - httpx - INFO - HTTP Request: GET https://dailymed.nlm.nih.gov/dailymed/services/v2/spls?rxcui=617314&pagesize=2 "HTTP/1.1 200 OK"
2025-10-22 07:06:43,511 - httpx - INFO - HTTP Request: GET https://dailymed.nlm.nih.gov/dailymed/services/v2/spls/a60cc18b-0631-4cf0-b021-9f52224ece65.xml "HTTP/1.1 200 OK"
2025-10-22 07:06:43,674 - httpx - INFO - HTTP Request: GET https://dailymed.nlm.nih.gov/dailymed/services/v2/spls/c6e131fe-e7df-4876-83f7-9156fc4e8228.xml "HTTP/1.1 200 OK"
2025-10-22 07:06:43,976 - app.medical_apis - INFO - DailyMed search returned 4 results for 'atorvastatin'
2025-10-22 07:06:43,996 - app.medical_apis - INFO - Total documents retrieved from all sources: 11
2025-10-22 07:06:44,021 - app.post_discharge_search - INFO - Discharge medication search completed in 2622.55ms, found 2 results
2025-10-22 07:11:15,578 - root - INFO - Processing enhanced medication search: glipizide...
2025-10-22 07:11:15,579 - app.post_discharge_search - INFO - Searching discharge medications for: 'glipizide'
2025-10-22 07:11:15,579 - app.medical_apis - INFO - Searching all medical databases for: 'glipizide' with custom limits (DailyMed: 2, OpenFDA: 2, RxNorm: 3, DrugBank: 2)
2025-10-22 07:11:15,580 - app.medical_apis - INFO - DrugBank search returned 1 results for 'glipizide'
2025-10-22 07:11:16,132 - httpx - INFO - HTTP Request: GET https://api.fda.gov/drug/label.json?search=generic_name%3Aglipizide&limit=1 "HTTP/1.1 404 Not Found"
2025-10-22 07:11:16,179 - httpx - INFO - HTTP Request: GET https://rxnav.nlm.nih.gov/REST/drugs.json?name=glipizide&allsrc=1&src=1 "HTTP/1.1 200 OK"
2025-10-22 07:11:16,181 - httpx - INFO - HTTP Request: GET https://rxnav.nlm.nih.gov/REST/drugs.json?name=glipizide&allsrc=1&src=1 "HTTP/1.1 200 OK"
2025-10-22 07:11:16,182 - app.medical_apis - INFO - RxNorm search returned 6 results for 'glipizide'
2025-10-22 07:11:16,317 - httpx - INFO - HTTP Request: GET https://api.fda.gov/drug/event.json?search=patient.drug.medicinalproduct%3Aglipizide&limit=4 "HTTP/1.1 200 OK"
2025-10-22 07:11:16,361 - app.medical_apis - INFO - OpenFDA search returned 1 results for 'glipizide'
2025-10-22 07:11:16,694 - httpx - INFO - HTTP Request: GET https://dailymed.nlm.nih.gov/dailymed/services/v2/spls?rxcui=205828&pagesize=2 "HTTP/1.1 200 OK"
2025-10-22 07:11:16,960 - httpx - INFO - HTTP Request: GET https://dailymed.nlm.nih.gov/dailymed/services/v2/spls?rxcui=865568&pagesize=2 "HTTP/1.1 200 OK"
2025-10-22 07:11:17,039 - httpx - INFO - HTTP Request: GET https://dailymed.nlm.nih.gov/dailymed/services/v2/spls/eed99b60-d043-4249-9b2a-f05e46fb588d.xml "HTTP/1.1 200 OK"
2025-10-22 07:11:17,366 - httpx - INFO - HTTP Request: GET https://dailymed.nlm.nih.gov/dailymed/services/v2/spls/8438b406-9259-46d1-b26a-90fdcb5cbc50.xml "HTTP/1.1 200 OK"
2025-10-22 07:11:17,603 - httpx - INFO - HTTP Request: GET https://dailymed.nlm.nih.gov/dailymed/services/v2/spls?rxcui=865571&pagesize=2 "HTTP/1.1 200 OK"
2025-10-22 07:11:17,677 - httpx - INFO - HTTP Request: GET https://dailymed.nlm.nih.gov/dailymed/services/v2/spls/eed99b60-d043-4249-9b2a-f05e46fb588d.xml "HTTP/1.1 200 OK"
2025-10-22 07:11:17,779 - httpx - INFO - HTTP Request: GET https://dailymed.nlm.nih.gov/dailymed/services/v2/spls/8438b406-9259-46d1-b26a-90fdcb5cbc50.xml "HTTP/1.1 200 OK"
2025-10-22 07:11:17,806 - app.medical_apis - INFO - DailyMed search returned 4 results for 'glipizide'
2025-10-22 07:11:17,832 - app.medical_apis - INFO - Total documents retrieved from all sources: 12
2025-10-22 07:11:17,852 - app.post_discharge_search - INFO - Discharge medication search completed in 2273.23ms, found 2 results
2025-10-22 07:12:08,590 - root - INFO - Processing enhanced medication search: glipizide...
2025-10-22 07:12:08,590 - app.post_discharge_search - INFO - Searching discharge medications for: 'glipizide'
2025-10-22 07:12:08,590 - app.medical_apis - INFO - Searching all medical databases for: 'glipizide' with custom limits (DailyMed: 2, OpenFDA: 2, RxNorm: 3, DrugBank: 2)
2025-10-22 07:12:08,594 - app.medical_apis - INFO - DrugBank search returned 1 results for 'glipizide'
2025-10-22 07:12:09,002 - httpx - INFO - HTTP Request: GET https://api.fda.gov/drug/label.json?search=generic_name%3Aglipizide&limit=1 "HTTP/1.1 404 Not Found"
2025-10-22 07:12:09,211 - httpx - INFO - HTTP Request: GET https://rxnav.nlm.nih.gov/REST/drugs.json?name=glipizide&allsrc=1&src=1 "HTTP/1.1 200 OK"
2025-10-22 07:12:09,213 - httpx - INFO - HTTP Request: GET https://rxnav.nlm.nih.gov/REST/drugs.json?name=glipizide&allsrc=1&src=1 "HTTP/1.1 200 OK"
2025-10-22 07:12:09,214 - app.medical_apis - INFO - RxNorm search returned 6 results for 'glipizide'
2025-10-22 07:12:09,239 - httpx - INFO - HTTP Request: GET https://api.fda.gov/drug/event.json?search=patient.drug.medicinalproduct%3Aglipizide&limit=4 "HTTP/1.1 200 OK"
2025-10-22 07:12:09,282 - app.medical_apis - INFO - OpenFDA search returned 1 results for 'glipizide'
2025-10-22 07:12:09,672 - httpx - INFO - HTTP Request: GET https://dailymed.nlm.nih.gov/dailymed/services/v2/spls?rxcui=205828&pagesize=2 "HTTP/1.1 200 OK"
2025-10-22 07:12:09,904 - httpx - INFO - HTTP Request: GET https://dailymed.nlm.nih.gov/dailymed/services/v2/spls?rxcui=865568&pagesize=2 "HTTP/1.1 200 OK"
2025-10-22 07:12:10,001 - httpx - INFO - HTTP Request: GET https://dailymed.nlm.nih.gov/dailymed/services/v2/spls/eed99b60-d043-4249-9b2a-f05e46fb588d.xml "HTTP/1.1 200 OK"
2025-10-22 07:12:10,340 - httpx - INFO - HTTP Request: GET https://dailymed.nlm.nih.gov/dailymed/services/v2/spls/8438b406-9259-46d1-b26a-90fdcb5cbc50.xml "HTTP/1.1 200 OK"
2025-10-22 07:12:10,580 - httpx - INFO - HTTP Request: GET https://dailymed.nlm.nih.gov/dailymed/services/v2/spls?rxcui=865571&pagesize=2 "HTTP/1.1 200 OK"
2025-10-22 07:12:10,656 - httpx - INFO - HTTP Request: GET https://dailymed.nlm.nih.gov/dailymed/services/v2/spls/eed99b60-d043-4249-9b2a-f05e46fb588d.xml "HTTP/1.1 200 OK"
2025-10-22 07:12:10,816 - httpx - INFO - HTTP Request: GET https://dailymed.nlm.nih.gov/dailymed/services/v2/spls/8438b406-9259-46d1-b26a-90fdcb5cbc50.xml "HTTP/1.1 200 OK"
2025-10-22 07:12:10,847 - app.medical_apis - INFO - DailyMed search returned 4 results for 'glipizide'
2025-10-22 07:12:10,873 - app.medical_apis - INFO - Total documents retrieved from all sources: 12
2025-10-22 07:12:10,892 - app.post_discharge_search - INFO - Discharge medication search completed in 2302.38ms, found 2 results
